<?xml version="1.0" encoding="UTF-8"?>
<testng-results ignored="0" total="1" passed="1" failed="0" skipped="0">
  <reporter-output>
  </reporter-output>
  <suite started-at="2023-09-26T12:04:22 EEST" name="Default suite" finished-at="2023-09-26T12:04:26 EEST" duration-ms="4155">
    <groups>
    </groups>
    <test started-at="2023-09-26T12:04:22 EEST" name="Default test" finished-at="2023-09-26T12:04:26 EEST" duration-ms="4155">
      <class name="lab.Almosafer">
        <test-method is-config="true" signature="myBeforeTest()[pri:0, instance:lab.Almosafer@6ffc6ea7]" started-at="2023-09-26T12:04:22 EEST" name="myBeforeTest" finished-at="2023-09-26T12:04:26 EEST" duration-ms="3793" status="PASS">
          <reporter-output>
          </reporter-output>
        </test-method> <!-- myBeforeTest -->
        <test-method signature="myTest()[pri:0, instance:lab.Almosafer@6ffc6ea7]" started-at="2023-09-26T12:04:26 EEST" name="myTest" finished-at="2023-09-26T12:04:26 EEST" duration-ms="152" status="PASS">
          <reporter-output>
          </reporter-output>
        </test-method> <!-- myTest -->
        <test-method is-config="true" signature="myAfterTest()[pri:0, instance:lab.Almosafer@6ffc6ea7]" started-at="2023-09-26T12:04:26 EEST" name="myAfterTest" finished-at="2023-09-26T12:04:26 EEST" duration-ms="140" status="PASS">
          <reporter-output>
          </reporter-output>
        </test-method> <!-- myAfterTest -->
      </class> <!-- lab.Almosafer -->
    </test> <!-- Default test -->
  </suite> <!-- Default suite -->
</testng-results>
